[2023-03-24 00.36.31] ••• tarcisio is hosting a game on #PartyTime named "Bebida"
[2023-03-24 00.36.37] ••• Incoming connection on slot 0
[2023-03-24 00.36.37] ••• Connection closed: 0, -1
[2023-03-24 00.37.10] ••• Incoming connection on slot 0
[2023-03-24 00.37.15] ••• Incoming connection on slot 1
[2023-03-24 00.37.20] ••• Player joined: Dug
[2023-03-24 00.37.20] ••• Validated connection: 0, 1, Dug
[2023-03-24 00.37.22] ••• Player joined: brandonmiranda
[2023-03-24 00.37.22] ••• Validated connection: 1, 2, brandonmiranda
[2023-03-24 00.38.16] • Game will take advantage of the latest 3.7.2.1 features and bug fixes
[2023-03-24 00.38.23] ••• Starting game, recorded as file "User\Games\2023-03-24 00.38.23 [Online] @tarcisio, Dug, brandonmiranda.WAgame"
[2023-03-24 01.04.17] ••• Starting game, recorded as file "User\Games\2023-03-24 01.04.17 [Online Round 2] @tarcisio, Dug, brandonmiranda.WAgame"
[2023-03-24 01.15.34] ••• Connection closed: 0, 1
[2023-03-24 01.15.34] ••• Connection closed: 1, 2
[2023-03-24 01.15.35] ••• Connection closed: 0, 1
[2023-03-24 01.15.35] ••• Connection closed: 1, 2
[2023-03-24 01.15.49] ••• Player parted or was kicked: brandonmiranda
[2023-03-24 01.15.49] ••• Player parted or was kicked: Dug
[2023-03-24 01.15.57] ••• Connection closed: 0, -1
[2023-03-24 01.15.57] ••• Connection closed: 1, -1
[2023-03-24 01.15.57] ••• Connection closed: 2, -1
[2023-03-24 01.15.57] ••• Connection closed: 3, -1
[2023-03-24 01.15.57] ••• Connection closed: 4, -1
[2023-03-24 01.15.57] ••• Connection closed: 5, -1
